<?xml version="1.0" encoding="UTF-8"?><testrun name="RunCucumberForAppianTest" project="cucumber-for-appian-22.4" tests="1" started="1" failures="0" errors="1" ignored="0">
  <testsuite name="TestRunner.RunCucumberForAppianTest" time="27.972">
    <testsuite name="Expense Reimbursement Request" time="27.971">
      <testcase name="Submit the Expense Request" classname="Expense Reimbursement Request" time="27.971">
        <error>com.appiancorp.ps.automatedtest.exception.WaitForProgressBarTestException: message:&lt;&lt;Progress Bar remained for longer than timeout period, investigate performance and test timeout parameter.&gt;&gt;&#13;
	at com.appiancorp.ps.automatedtest.exception.ExceptionBuilder.build(ExceptionBuilder.java:71)&#13;
	at com.appiancorp.ps.automatedtest.tempo.interfaces.TempoLink.click(TempoLink.java:104)&#13;
	at com.appiancorp.ps.automatedtest.fixture.TempoFixture.clickOnLink(TempoFixture.java:2263)&#13;
	at com.appiancorp.ps.cucumber.fixtures.CucumberTempoFixture.clickOnLink(CucumberTempoFixture.java:692)&#13;
	at âœ½.I click on link "Expense"(file:///C:/Users/sandhyan/Desktop/LocalWorkspace/cucumber-for-appian-22.4/src/test/resources/ExpenseRequestFlow.feature:13)&#13;
&#13;
</error>
      </testcase>
    </testsuite>
  </testsuite>
</testrun>
