<?xml version="1.0" encoding="UTF-8"?><testrun name="RunCucumberForAppianTest" project="cucumber-for-appian-22.4" tests="1" started="1" failures="0" errors="1" ignored="0">
  <testsuite name="TestRunner.RunCucumberForAppianTest" time="29.192">
    <testsuite name="Expense Reimbursement Request" time="29.192">
      <testcase name="Submit the Expense Request" classname="Expense Reimbursement Request" time="29.192">
        <error>com.appiancorp.ps.automatedtest.exception.TimeoutTestException: message:&lt;&lt;Timeout period reached: Action wait for - Expense&gt;&gt;&#13;
	at com.appiancorp.ps.automatedtest.exception.ExceptionBuilder.build(ExceptionBuilder.java:36)&#13;
	at com.appiancorp.ps.automatedtest.tempo.action.TempoAction.waitFor(TempoAction.java:72)&#13;
	at com.appiancorp.ps.automatedtest.fixture.TempoFixture.clickOnAction(TempoFixture.java:1012)&#13;
	at com.appiancorp.ps.cucumber.fixtures.CucumberTempoFixture.clickOnAction(CucumberTempoFixture.java:287)&#13;
	at âœ½.I click on action "Expense"(file:///C:/Users/sandhyan/Desktop/LocalWorkspace/cucumber-for-appian-22.4/src/test/resources/ExpenseRequestFlow.feature:13)&#13;
&#13;
</error>
      </testcase>
    </testsuite>
  </testsuite>
</testrun>
