<?xml version="1.0" encoding="UTF-8"?><testrun name="RunCucumberForAppianTest" project="cucumber-for-appian-22.4" tests="1" started="1" failures="0" errors="1" ignored="0">
  <testsuite name="TestRunner.RunCucumberForAppianTest" time="0.004">
    <testcase name="initializationError" classname="TestRunner.RunCucumberForAppianTest" time="0.004">
      <error>java.lang.IllegalArgumentException: Invalid tag expression at 'TestRunner.RunCucumberForAppianTest'&#13;
	at io.cucumber.core.options.CucumberOptionsAnnotationParser.addTags(CucumberOptionsAnnotationParser.java:79)&#13;
	at io.cucumber.core.options.CucumberOptionsAnnotationParser.parse(CucumberOptionsAnnotationParser.java:40)&#13;
	at io.cucumber.junit.Cucumber.&lt;init&gt;(Cucumber.java:122)&#13;
	at java.base/jdk.internal.reflect.NativeConstructorAccessorImpl.newInstance0(Native Method)&#13;
	at java.base/jdk.internal.reflect.NativeConstructorAccessorImpl.newInstance(NativeConstructorAccessorImpl.java:77)&#13;
	at java.base/jdk.internal.reflect.DelegatingConstructorAccessorImpl.newInstance(DelegatingConstructorAccessorImpl.java:45)&#13;
	at java.base/java.lang.reflect.Constructor.newInstanceWithCaller(Constructor.java:499)&#13;
	at java.base/java.lang.reflect.Constructor.newInstance(Constructor.java:480)&#13;
	at org.junit.internal.builders.AnnotatedBuilder.buildRunner(AnnotatedBuilder.java:104)&#13;
	at org.junit.internal.builders.AnnotatedBuilder.runnerForClass(AnnotatedBuilder.java:86)&#13;
	at org.junit.runners.model.RunnerBuilder.safeRunnerForClass(RunnerBuilder.java:59)&#13;
	at org.junit.internal.builders.AllDefaultPossibilitiesBuilder.runnerForClass(AllDefaultPossibilitiesBuilder.java:26)&#13;
	at org.junit.runners.model.RunnerBuilder.safeRunnerForClass(RunnerBuilder.java:59)&#13;
	at org.junit.internal.requests.ClassRequest.getRunner(ClassRequest.java:33)&#13;
	at org.eclipse.jdt.internal.junit4.runner.JUnit4TestLoader.createUnfilteredTest(JUnit4TestLoader.java:90)&#13;
	at org.eclipse.jdt.internal.junit4.runner.JUnit4TestLoader.createTest(JUnit4TestLoader.java:76)&#13;
	at org.eclipse.jdt.internal.junit4.runner.JUnit4TestLoader.loadTests(JUnit4TestLoader.java:49)&#13;
	at org.eclipse.jdt.internal.junit.runner.RemoteTestRunner.runTests(RemoteTestRunner.java:513)&#13;
	at org.eclipse.jdt.internal.junit.runner.RemoteTestRunner.runTests(RemoteTestRunner.java:756)&#13;
	at org.eclipse.jdt.internal.junit.runner.RemoteTestRunner.run(RemoteTestRunner.java:452)&#13;
	at org.eclipse.jdt.internal.junit.runner.RemoteTestRunner.main(RemoteTestRunner.java:210)&#13;
Caused by: io.cucumber.tagexpressions.TagExpressionException: Tag expression '@test1, @test2' could not be parsed because of syntax error: expected operator&#13;
	at io.cucumber.tagexpressions.TagExpressionParser.check(TagExpressionParser.java:136)&#13;
	at io.cucumber.tagexpressions.TagExpressionParser.parse(TagExpressionParser.java:74)&#13;
	at io.cucumber.tagexpressions.TagExpressionParser.parse(TagExpressionParser.java:27)&#13;
	at io.cucumber.core.options.CucumberOptionsAnnotationParser.addTags(CucumberOptionsAnnotationParser.java:77)&#13;
	... 20 more&#13;
&#13;
</error>
    </testcase>
  </testsuite>
</testrun>
