<?xml version="1.0" encoding="UTF-8"?>
<testng-results ignored="0" total="1" passed="1" failed="0" skipped="0">
  <reporter-output>
  </reporter-output>
  <suite started-at="2023-01-20T18:30:46Z" name="Test-Demo" finished-at="2023-01-20T18:31:24Z" duration-ms="38071">
    <groups>
    </groups>
    <test started-at="2023-01-20T18:30:46Z" name="TC001" finished-at="2023-01-20T18:31:24Z" duration-ms="38071">
      <class name="com.vuram.automation.Businessflows.RunSampleScript">
        <test-method is-config="true" signature="StartReportandDriver(java.lang.String, java.lang.String, java.lang.String, java.lang.String)[pri:0, instance:com.vuram.automation.Businessflows.RunSampleScript@4f3bbf68]" started-at="2023-01-20T18:30:46Z" name="StartReportandDriver" finished-at="2023-01-20T18:30:51Z" duration-ms="4982" status="PASS">
          <params>
            <param index="0">
              <value>
                <![CDATA[Test Case - 1]]>
              </value>
            </param>
            <param index="1">
              <value>
                <![CDATA[TC001]]>
              </value>
            </param>
            <param index="2">
              <value>
                <![CDATA[Test-Demo_01-21-2023_12-00-44_am]]>
              </value>
            </param>
            <param index="3">
              <value>
                <![CDATA[Chrome]]>
              </value>
            </param>
          </params>
          <reporter-output>
          </reporter-output>
        </test-method> <!-- StartReportandDriver -->
        <test-method signature="Demomethod()[pri:0, instance:com.vuram.automation.Businessflows.RunSampleScript@4f3bbf68]" started-at="2023-01-20T18:30:51Z" name="Demomethod" finished-at="2023-01-20T18:31:19Z" duration-ms="28004" status="PASS">
          <reporter-output>
          </reporter-output>
        </test-method> <!-- Demomethod -->
        <test-method is-config="true" signature="QuitReportandDriver(java.lang.String)[pri:0, instance:com.vuram.automation.Businessflows.RunSampleScript@4f3bbf68]" started-at="2023-01-20T18:31:19Z" name="QuitReportandDriver" finished-at="2023-01-20T18:31:24Z" duration-ms="5074" status="PASS">
          <params>
            <param index="0">
              <value>
                <![CDATA[TC001]]>
              </value>
            </param>
          </params>
          <reporter-output>
          </reporter-output>
        </test-method> <!-- QuitReportandDriver -->
        <test-method is-config="true" signature="DeleteXmlfile()[pri:0, instance:com.vuram.automation.Businessflows.RunSampleScript@4f3bbf68]" started-at="2023-01-20T18:31:24Z" name="DeleteXmlfile" finished-at="2023-01-20T18:31:24Z" duration-ms="2" status="PASS">
          <reporter-output>
          </reporter-output>
        </test-method> <!-- DeleteXmlfile -->
      </class> <!-- com.vuram.automation.Businessflows.RunSampleScript -->
    </test> <!-- TC001 -->
  </suite> <!-- Test-Demo -->
</testng-results>
